<?xml version="1.0" encoding="UTF-8"?>
<!-- Generated by org.testng.reporters.JUnitReportReporter -->
<testsuite hostname="VDC1ITWB00320" failures="0" tests="1" name="lambdatest.practice.TestScenario2_Edge" time="17.133" errors="0" timestamp="2023-05-29T16:15:30 IST" skipped="0">
  <testcase classname="lambdatest.practice.TestScenario2_Edge" name="myTest" time="17.133"/>
  <system-out/>
</testsuite> <!-- lambdatest.practice.TestScenario2_Edge -->
